TN:
SF:index.js
FN:142,(anonymous_0)
FN:162,(anonymous_1)
FN:199,(anonymous_2)
FN:264,(anonymous_3)
FN:307,(anonymous_4)
FN:344,(anonymous_5)
FN:380,(anonymous_6)
FN:382,(anonymous_7)
FN:408,(anonymous_8)
FN:439,gracefulShutdown
FN:442,(anonymous_10)
FN:447,(anonymous_11)
FN:456,(anonymous_12)
FN:457,(anonymous_13)
FN:462,(anonymous_14)
FNF:15
FNH:7
FNDA:28,(anonymous_0)
FNDA:5,(anonymous_1)
FNDA:4,(anonymous_2)
FNDA:3,(anonymous_3)
FNDA:2,(anonymous_4)
FNDA:1,(anonymous_5)
FNDA:0,(anonymous_6)
FNDA:0,(anonymous_7)
FNDA:0,(anonymous_8)
FNDA:0,gracefulShutdown
FNDA:0,(anonymous_10)
FNDA:0,(anonymous_11)
FNDA:0,(anonymous_12)
FNDA:0,(anonymous_13)
FNDA:1,(anonymous_14)
DA:48,1
DA:49,1
DA:50,1
DA:56,1
DA:57,1
DA:59,1
DA:60,1
DA:62,1
DA:75,1
DA:82,1
DA:85,1
DA:88,1
DA:116,1
DA:122,1
DA:125,1
DA:128,1
DA:139,1
DA:142,1
DA:143,28
DA:144,28
DA:149,28
DA:162,1
DA:163,5
DA:164,5
DA:199,1
DA:200,4
DA:201,4
DA:202,4
DA:205,4
DA:210,4
DA:218,4
DA:224,4
DA:225,3
DA:227,3
DA:233,3
DA:235,1
DA:236,1
DA:241,1
DA:242,1
DA:264,1
DA:265,3
DA:266,3
DA:267,3
DA:269,3
DA:275,3
DA:280,3
DA:282,0
DA:286,0
DA:287,0
DA:307,1
DA:308,2
DA:309,2
DA:310,2
DA:312,2
DA:317,2
DA:319,0
DA:323,0
DA:324,0
DA:344,1
DA:345,1
DA:346,1
DA:347,1
DA:349,1
DA:354,1
DA:356,0
DA:360,0
DA:361,0
DA:373,1
DA:374,1
DA:380,1
DA:381,0
DA:382,0
DA:383,0
DA:384,0
DA:408,1
DA:409,0
DA:410,0
DA:412,0
DA:420,0
DA:440,0
DA:441,0
DA:442,0
DA:443,0
DA:444,0
DA:447,0
DA:448,0
DA:449,0
DA:452,0
DA:456,1
DA:457,1
DA:462,1
DA:463,1
LF:92
LH:66
BRDA:60,0,0,1
BRDA:60,0,1,0
BRDA:63,1,0,1
BRDA:63,1,1,0
BRDA:67,2,0,1
BRDA:67,2,1,1
BRDA:68,3,0,1
BRDA:68,3,1,1
BRDA:117,4,0,0
BRDA:117,4,1,1
BRDA:143,5,0,28
BRDA:143,5,1,0
BRDA:167,6,0,5
BRDA:167,6,1,5
BRDA:173,7,0,5
BRDA:173,7,1,5
BRDA:175,8,0,5
BRDA:175,8,1,5
BRDA:218,9,0,0
BRDA:218,9,1,4
BRDA:230,10,0,3
BRDA:230,10,1,0
BRDA:241,11,0,0
BRDA:241,11,1,1
BRDA:244,12,0,0
BRDA:244,12,1,1
BRDA:286,13,0,0
BRDA:286,13,1,0
BRDA:289,14,0,0
BRDA:289,14,1,0
BRDA:323,15,0,0
BRDA:323,15,1,0
BRDA:326,16,0,0
BRDA:326,16,1,0
BRDA:360,17,0,0
BRDA:360,17,1,0
BRDA:363,18,0,0
BRDA:363,18,1,0
BRDA:375,19,0,0
BRDA:375,19,1,1
BRDA:381,20,0,0
BRDA:381,20,1,0
BRDA:383,21,0,0
BRDA:383,21,1,0
BRDA:409,22,0,0
BRDA:409,22,1,0
BRDA:410,23,0,0
BRDA:410,23,1,0
BRDA:417,24,0,0
BRDA:417,24,1,0
BRDA:422,25,0,0
BRDA:422,25,1,0
BRDA:441,26,0,0
BRDA:441,26,1,0
BRF:54
BRH:19
end_of_record
TN:
SF:config\index.js
FN:44,env
FN:55,envInt
FNF:2
FNH:2
FNDA:13,env
FNDA:1,envInt
DA:17,1
DA:18,1
DA:25,1
DA:28,1
DA:31,1
DA:45,13
DA:56,1
DA:57,1
DA:58,0
DA:59,0
DA:80,1
LF:11
LH:9
BRDA:45,0,0,13
BRDA:45,0,1,10
BRDA:57,1,0,1
BRDA:57,1,1,0
BRDA:57,2,0,1
BRDA:57,2,1,0
BRDA:59,3,0,0
BRDA:59,3,1,0
BRDA:129,4,0,1
BRDA:129,4,1,1
BRDA:142,5,0,0
BRDA:142,5,1,1
BRDA:147,6,0,1
BRDA:147,6,1,1
BRDA:147,6,2,1
BRF:15
BRH:10
end_of_record
TN:
SF:errors\index.js
FN:19,(anonymous_0)
FN:34,(anonymous_1)
FN:52,(anonymous_2)
FN:65,(anonymous_3)
FN:79,(anonymous_4)
FN:94,(anonymous_5)
FNF:6
FNH:6
FNDA:19,(anonymous_0)
FNDA:2,(anonymous_1)
FNDA:4,(anonymous_2)
FNDA:3,(anonymous_3)
FNDA:4,(anonymous_4)
FNDA:3,(anonymous_5)
DA:20,19
DA:21,19
DA:22,19
DA:23,19
DA:24,19
DA:35,2
DA:53,4
DA:66,3
DA:80,4
DA:85,4
DA:95,3
LF:11
LH:11
BRDA:19,0,0,1
BRDA:19,1,0,2
BRDA:34,2,0,0
BRDA:37,3,0,1
BRDA:37,3,1,1
BRDA:37,4,0,2
BRDA:37,4,1,1
BRDA:81,5,0,1
BRDA:81,5,1,3
BRF:9
BRH:8
end_of_record
TN:
SF:middleware\requestId.js
FN:22,requestIdMiddleware
FN:42,responseTimeMiddleware
FN:47,(anonymous_2)
FNF:3
FNH:3
FNDA:28,requestIdMiddleware
FNDA:28,responseTimeMiddleware
FNDA:28,(anonymous_2)
DA:23,28
DA:27,28
DA:28,28
DA:30,28
DA:43,28
DA:46,28
DA:47,28
DA:48,28
DA:49,28
DA:50,28
DA:51,28
DA:53,28
DA:56,28
LF:13
LH:13
BRDA:23,0,0,28
BRDA:23,0,1,28
BRDA:23,0,2,28
BRDA:50,1,0,28
BRDA:50,1,1,0
BRF:5
BRH:4
end_of_record
TN:
SF:middleware\validate.js
FN:18,validationError
FN:30,sanitizeString
FN:47,validateTimeline
FN:75,validateChat
FN:102,validateElectionData
FN:126,validateExplainStep
FNF:6
FNH:6
FNDA:13,validationError
FNDA:16,sanitizeString
FNDA:8,validateTimeline
FNDA:6,validateChat
FNDA:5,validateElectionData
FNDA:4,validateExplainStep
DA:19,13
DA:31,16
DA:32,16
DA:48,8
DA:50,8
DA:51,3
DA:54,5
DA:55,5
DA:56,1
DA:60,4
DA:61,4
DA:62,4
DA:64,4
DA:76,6
DA:78,6
DA:79,2
DA:82,4
DA:83,4
DA:84,1
DA:87,3
DA:88,3
DA:89,3
DA:91,3
DA:103,5
DA:105,5
DA:106,2
DA:109,3
DA:110,3
DA:111,1
DA:114,2
DA:115,2
DA:127,4
DA:129,4
DA:130,3
DA:133,1
DA:134,1
LF:36
LH:36
BRDA:18,0,0,13
BRDA:30,1,0,8
BRDA:31,2,0,0
BRDA:31,2,1,16
BRDA:50,3,0,3
BRDA:50,3,1,5
BRDA:50,4,0,8
BRDA:50,4,1,6
BRDA:55,5,0,1
BRDA:55,5,1,4
BRDA:61,6,0,4
BRDA:61,6,1,2
BRDA:78,7,0,2
BRDA:78,7,1,4
BRDA:78,8,0,6
BRDA:78,8,1,4
BRDA:83,9,0,1
BRDA:83,9,1,3
BRDA:88,10,0,1
BRDA:88,10,1,2
BRDA:88,11,0,3
BRDA:88,11,1,1
BRDA:89,12,0,1
BRDA:89,12,1,2
BRDA:105,13,0,2
BRDA:105,13,1,3
BRDA:105,14,0,5
BRDA:105,14,1,3
BRDA:110,15,0,1
BRDA:110,15,1,2
BRDA:129,16,0,3
BRDA:129,16,1,1
BRDA:129,17,0,4
BRDA:129,17,1,2
BRDA:129,17,2,2
BRDA:133,18,0,0
BRDA:133,18,1,1
BRDA:133,19,0,1
BRDA:133,19,1,0
BRF:39
BRH:36
end_of_record
TN:
SF:services\cacheService.js
FN:29,evictOldest
FN:47,getFirestore
FN:85,generateCacheKey
FN:86,(anonymous_3)
FN:100,cacheGet
FN:126,(anonymous_5)
FN:145,cacheSet
FN:174,cacheClear
FN:184,cacheStats
FNF:9
FNH:8
FNDA:3,evictOldest
FNDA:4,getFirestore
FNDA:7,generateCacheKey
FNDA:16,(anonymous_3)
FNDA:3,cacheGet
FNDA:0,(anonymous_5)
FNDA:3,cacheSet
FNDA:1,cacheClear
FNDA:1,cacheStats
DA:23,6
DA:24,6
DA:30,3
DA:31,0
DA:32,0
DA:39,6
DA:40,6
DA:41,6
DA:48,4
DA:49,3
DA:52,3
DA:53,3
DA:54,3
DA:57,0
DA:58,0
DA:59,0
DA:62,0
DA:63,0
DA:64,0
DA:66,0
DA:69,0
DA:77,6
DA:86,16
DA:87,7
DA:102,3
DA:103,3
DA:104,2
DA:105,2
DA:106,2
DA:108,0
DA:112,1
DA:113,1
DA:114,0
DA:115,0
DA:116,0
DA:117,0
DA:118,0
DA:120,0
DA:121,0
DA:122,0
DA:123,0
DA:126,0
DA:129,0
DA:133,1
DA:134,1
DA:146,3
DA:149,3
DA:150,3
DA:153,3
DA:154,3
DA:155,0
DA:156,0
DA:161,0
DA:163,0
DA:166,3
DA:175,1
DA:176,1
DA:185,1
DA:192,6
LF:59
LH:33
BRDA:30,0,0,0
BRDA:30,0,1,3
BRDA:48,1,0,1
BRDA:48,1,1,3
BRDA:52,2,0,3
BRDA:52,2,1,0
BRDA:52,3,0,3
BRDA:52,3,1,3
BRDA:52,3,2,3
BRDA:60,4,0,0
BRDA:60,4,1,0
BRDA:86,5,0,0
BRDA:86,5,1,16
BRDA:103,6,0,2
BRDA:103,6,1,1
BRDA:104,7,0,2
BRDA:104,7,1,0
BRDA:113,8,0,0
BRDA:113,8,1,1
BRDA:116,9,0,0
BRDA:116,9,1,0
BRDA:118,10,0,0
BRDA:118,10,1,0
BRDA:154,11,0,0
BRDA:154,11,1,3
BRF:25
BRH:13
end_of_record
TN:
SF:services\electionService.js
FN:65,detectCountry
FN:101,getVoterInfo
FN:152,getRepresentatives
FN:195,getElections
FN:241,getElectionData
FN:287,buildContextData
FN:325,sanitizeCivicResponse
FN:331,(anonymous_7)
FN:337,(anonymous_8)
FN:353,(anonymous_9)
FN:359,(anonymous_10)
FNF:11
FNH:10
FNDA:46,detectCountry
FNDA:14,getVoterInfo
FNDA:5,getRepresentatives
FNDA:5,getElections
FNDA:6,getElectionData
FNDA:9,buildContextData
FNDA:14,sanitizeCivicResponse
FNDA:1,(anonymous_7)
FNDA:0,(anonymous_8)
FNDA:1,(anonymous_9)
FNDA:1,(anonymous_10)
DA:20,6
DA:23,6
DA:26,6
DA:29,6
DA:37,6
DA:66,46
DA:69,41
DA:72,24
DA:73,24
DA:76,21
DA:77,901
DA:81,10
DA:82,10
DA:85,5
DA:87,2
DA:102,14
DA:104,14
DA:105,1
DA:106,1
DA:110,13
DA:111,13
DA:112,13
DA:114,13
DA:115,13
DA:122,10
DA:123,10
DA:126,10
DA:127,10
DA:129,3
DA:130,3
DA:131,1
DA:133,2
DA:137,3
DA:153,5
DA:155,5
DA:156,1
DA:157,1
DA:161,4
DA:162,4
DA:163,4
DA:165,4
DA:166,4
DA:173,4
DA:174,4
DA:176,4
DA:177,4
DA:179,0
DA:182,0
DA:196,5
DA:198,5
DA:199,1
DA:200,1
DA:204,4
DA:205,4
DA:206,4
DA:208,4
DA:209,4
DA:216,4
DA:217,4
DA:219,4
DA:220,4
DA:222,0
DA:225,0
DA:242,6
DA:244,6
DA:245,3
DA:246,3
DA:247,3
DA:257,3
DA:258,3
DA:264,3
DA:288,9
DA:290,9
DA:291,2
DA:292,2
DA:299,7
DA:300,7
DA:301,7
DA:302,7
DA:304,0
DA:307,7
DA:326,14
DA:328,14
DA:329,10
DA:331,1
DA:337,0
DA:352,4
DA:353,4
DA:359,4
DA:364,4
DA:367,0
LF:91
LH:84
BRDA:66,0,0,5
BRDA:66,0,1,41
BRDA:66,1,0,46
BRDA:66,1,1,43
BRDA:69,2,0,17
BRDA:69,2,1,24
BRDA:73,3,0,3
BRDA:73,3,1,21
BRDA:77,4,0,11
BRDA:77,4,1,890
BRDA:82,5,0,5
BRDA:82,5,1,5
BRDA:82,6,0,10
BRDA:82,6,1,5
BRDA:85,7,0,3
BRDA:85,7,1,2
BRDA:104,8,0,1
BRDA:104,8,1,13
BRDA:112,9,0,0
BRDA:112,9,1,13
BRDA:130,10,0,1
BRDA:130,10,1,2
BRDA:134,11,0,2
BRDA:134,11,1,2
BRDA:155,12,0,1
BRDA:155,12,1,4
BRDA:163,13,0,0
BRDA:163,13,1,4
BRDA:180,14,0,0
BRDA:180,14,1,0
BRDA:198,15,0,1
BRDA:198,15,1,4
BRDA:206,16,0,0
BRDA:206,16,1,4
BRDA:223,17,0,0
BRDA:223,17,1,0
BRDA:244,18,0,3
BRDA:244,18,1,3
BRDA:266,19,0,3
BRDA:266,19,1,0
BRDA:267,20,0,3
BRDA:267,20,1,0
BRDA:268,21,0,3
BRDA:268,21,1,0
BRDA:290,22,0,2
BRDA:290,22,1,7
BRDA:326,23,0,0
BRDA:326,23,1,14
BRDA:328,24,0,10
BRDA:328,24,1,4
BRDA:330,25,0,10
BRDA:330,25,1,7
BRDA:331,26,0,10
BRDA:331,26,1,7
BRDA:333,27,0,1
BRDA:333,27,1,0
BRDA:337,28,0,10
BRDA:337,28,1,9
BRDA:339,29,0,0
BRDA:339,29,1,0
BRDA:343,30,0,3
BRDA:343,30,1,7
BRDA:352,31,0,4
BRDA:352,31,1,0
BRDA:353,32,0,4
BRDA:353,32,1,3
BRDA:359,33,0,4
BRDA:359,33,1,3
BRF:68
BRH:53
end_of_record
TN:
SF:services\geminiService.js
FN:52,loadPrompt
FN:80,getAI
FN:211,generate
FN:243,callWithRetry
FN:253,(anonymous_4)
FN:269,runPlanner
FN:288,(anonymous_6)
FN:289,(anonymous_7)
FN:313,runExplainer
FN:321,(anonymous_9)
FN:322,(anonymous_10)
FN:343,runVerifier
FN:352,(anonymous_12)
FN:353,(anonymous_13)
FN:381,generateTimeline
FN:448,generateChat
FN:453,(anonymous_16)
FN:463,(anonymous_17)
FN:464,(anonymous_18)
FN:490,explainStep
FN:507,(anonymous_20)
FN:508,(anonymous_21)
FNF:22
FNH:22
FNDA:89,loadPrompt
FNDA:53,getAI
FNDA:53,generate
FNDA:39,callWithRetry
FNDA:14,(anonymous_4)
FNDA:12,runPlanner
FNDA:20,(anonymous_6)
FNDA:20,(anonymous_7)
FNDA:8,runExplainer
FNDA:10,(anonymous_9)
FNDA:10,(anonymous_10)
FNDA:8,runVerifier
FNDA:10,(anonymous_12)
FNDA:10,(anonymous_13)
FNDA:13,generateTimeline
FNDA:7,generateChat
FNDA:4,(anonymous_16)
FNDA:9,(anonymous_17)
FNDA:9,(anonymous_18)
FNDA:4,explainStep
FNDA:4,(anonymous_20)
FNDA:4,(anonymous_21)
DA:23,3
DA:24,3
DA:31,3
DA:34,3
DA:39,3
DA:42,3
DA:53,89
DA:54,74
DA:56,15
DA:57,15
DA:58,15
DA:59,15
DA:63,3
DA:64,3
DA:65,3
DA:67,0
DA:81,53
DA:82,53
DA:83,6
DA:85,47
DA:93,3
DA:153,3
DA:188,3
DA:212,53
DA:214,47
DA:221,47
DA:227,32
DA:244,39
DA:245,53
DA:246,53
DA:248,21
DA:252,21
DA:253,14
DA:270,12
DA:271,12
DA:273,12
DA:275,12
DA:281,12
DA:282,5
DA:285,5
DA:288,12
DA:289,20
DA:290,20
DA:291,8
DA:296,8
DA:314,8
DA:315,8
DA:317,8
DA:321,8
DA:322,10
DA:323,10
DA:324,7
DA:325,7
DA:344,8
DA:345,8
DA:347,8
DA:352,8
DA:353,10
DA:354,10
DA:355,7
DA:356,7
DA:382,13
DA:385,13
DA:392,13
DA:393,13
DA:394,1
DA:395,1
DA:398,12
DA:400,12
DA:404,8
DA:405,8
DA:407,1
DA:408,1
DA:413,8
DA:414,8
DA:416,1
DA:417,1
DA:420,8
DA:425,8
DA:427,8
DA:429,4
DA:430,4
DA:449,7
DA:450,7
DA:452,7
DA:453,4
DA:456,7
DA:463,7
DA:464,9
DA:465,9
DA:466,6
DA:470,6
DA:491,4
DA:493,4
DA:507,4
DA:508,4
DA:509,4
DA:510,4
DA:511,4
LF:99
LH:98
BRDA:53,0,0,74
BRDA:53,0,1,15
BRDA:82,1,0,6
BRDA:82,1,1,47
BRDA:243,2,0,39
BRDA:243,3,0,39
BRDA:252,4,0,7
BRDA:252,4,1,14
BRDA:273,5,0,12
BRDA:273,5,1,0
BRDA:276,6,0,12
BRDA:276,6,1,0
BRDA:277,7,0,1
BRDA:277,7,1,11
BRDA:278,8,0,12
BRDA:278,8,1,0
BRDA:279,9,0,3
BRDA:279,9,1,9
BRDA:281,10,0,5
BRDA:281,10,1,7
BRDA:282,11,0,1
BRDA:282,11,1,4
BRDA:294,12,0,8
BRDA:294,12,1,0
BRDA:319,13,0,1
BRDA:319,13,1,7
BRDA:349,14,0,4
BRDA:349,14,1,4
BRDA:350,15,0,1
BRDA:350,15,1,7
BRDA:382,16,0,13
BRDA:382,16,1,0
BRDA:393,17,0,1
BRDA:393,17,1,12
BRDA:421,18,0,8
BRDA:421,18,1,0
BRDA:448,19,0,3
BRDA:448,20,0,3
BRDA:453,21,0,2
BRDA:453,21,1,2
BRDA:457,22,0,7
BRDA:457,22,1,6
BRDA:458,23,0,7
BRDA:458,23,1,6
BRDA:459,24,0,0
BRDA:459,24,1,7
BRDA:460,25,0,7
BRDA:460,25,1,5
BRDA:490,26,0,2
BRDA:493,27,0,4
BRDA:493,27,1,3
BRF:51
BRH:44
end_of_record
TN:
SF:services\indiaElectionData.js
FN:245,isIndianLocation
FN:288,findStateData
FN:294,(anonymous_2)
FN:342,(anonymous_3)
FN:343,(anonymous_4)
FN:354,getIndiaElectionContext
FNF:6
FNH:5
FNDA:55,isIndianLocation
FNDA:14,findStateData
FNDA:11,(anonymous_2)
FNDA:4,(anonymous_3)
FNDA:0,(anonymous_4)
FNDA:9,getIndiaElectionContext
DA:12,6
DA:49,6
DA:103,6
DA:160,6
DA:201,6
DA:228,6
DA:246,55
DA:248,52
DA:251,52
DA:254,44
DA:257,40
DA:258,40
DA:259,1228
DA:263,33
DA:278,33
DA:279,2040
DA:282,26
DA:289,14
DA:290,13
DA:292,13
DA:293,345
DA:294,11
DA:299,6
DA:338,6
DA:339,160
DA:340,4
DA:341,4
DA:342,4
DA:343,0
DA:347,2
DA:355,9
DA:356,9
DA:358,9
LF:33
LH:32
BRDA:246,0,0,3
BRDA:246,0,1,52
BRDA:246,1,0,55
BRDA:246,1,1,53
BRDA:251,2,0,8
BRDA:251,2,1,44
BRDA:254,3,0,4
BRDA:254,3,1,40
BRDA:259,4,0,7
BRDA:259,4,1,1221
BRDA:279,5,0,7
BRDA:279,5,1,2033
BRDA:289,6,0,1
BRDA:289,6,1,13
BRDA:293,7,0,7
BRDA:293,7,1,338
BRDA:339,8,0,4
BRDA:339,8,1,156
BRDA:341,9,0,4
BRDA:341,9,1,0
BRDA:356,10,0,9
BRDA:356,10,1,6
BRDA:360,11,0,9
BRDA:360,11,1,1
BRDA:369,12,0,8
BRDA:369,12,1,1
BRF:26
BRH:25
end_of_record
TN:
SF:services\loggingService.js
FN:32,getCloudLog
FN:78,isCloudEnvironment
FN:93,writeStructuredLog
FN:130,(anonymous_3)
FN:185,(anonymous_4)
FN:194,(anonymous_5)
FN:203,(anonymous_6)
FN:212,(anonymous_7)
FN:221,(anonymous_8)
FN:241,createChildLogger
FN:243,(anonymous_10)
FN:244,(anonymous_11)
FN:245,(anonymous_12)
FN:246,(anonymous_13)
FN:247,(anonymous_14)
FN:263,withTiming
FNF:16
FNH:6
FNDA:6,getCloudLog
FNDA:4,isCloudEnvironment
FNDA:4,writeStructuredLog
FNDA:0,(anonymous_3)
FNDA:0,(anonymous_4)
FNDA:2,(anonymous_5)
FNDA:1,(anonymous_6)
FNDA:1,(anonymous_7)
FNDA:0,(anonymous_8)
FNDA:0,createChildLogger
FNDA:0,(anonymous_10)
FNDA:0,(anonymous_11)
FNDA:0,(anonymous_12)
FNDA:0,(anonymous_13)
FNDA:0,(anonymous_14)
FNDA:0,withTiming
DA:22,6
DA:23,6
DA:24,6
DA:33,6
DA:34,6
DA:36,6
DA:37,6
DA:38,5
DA:41,1
DA:42,1
DA:43,1
DA:44,1
DA:46,1
DA:51,1
DA:54,0
DA:59,6
DA:79,4
DA:94,4
DA:106,4
DA:107,0
DA:108,0
DA:109,0
DA:110,0
DA:111,0
DA:117,4
DA:118,0
DA:129,0
DA:130,0
DA:135,4
DA:136,1
DA:137,1
DA:138,0
DA:140,1
DA:144,3
DA:152,3
DA:156,3
DA:157,1
DA:158,2
DA:159,1
DA:161,1
DA:179,6
DA:186,0
DA:195,2
DA:204,1
DA:213,1
DA:222,0
DA:242,0
DA:243,0
DA:244,0
DA:245,0
DA:246,0
DA:247,0
DA:264,0
DA:265,0
DA:266,0
DA:267,0
DA:268,0
DA:269,0
DA:271,0
DA:272,0
DA:273,0
LF:61
LH:34
BRDA:33,0,0,0
BRDA:33,0,1,6
BRDA:36,1,0,6
BRDA:36,1,1,6
BRDA:37,2,0,5
BRDA:37,2,1,1
BRDA:37,3,0,6
BRDA:37,3,1,6
BRDA:79,4,0,4
BRDA:79,4,1,3
BRDA:93,5,0,0
BRDA:100,6,0,4
BRDA:100,6,1,4
BRDA:106,7,0,0
BRDA:106,7,1,4
BRDA:106,8,0,4
BRDA:106,8,1,4
BRDA:107,9,0,0
BRDA:107,9,1,0
BRDA:109,10,0,0
BRDA:109,10,1,0
BRDA:109,11,0,0
BRDA:109,11,1,0
BRDA:117,12,0,0
BRDA:117,12,1,4
BRDA:123,13,0,0
BRDA:123,13,1,0
BRDA:124,14,0,0
BRDA:124,14,1,0
BRDA:125,15,0,0
BRDA:125,15,1,0
BRDA:135,16,0,1
BRDA:135,16,1,3
BRDA:137,17,0,0
BRDA:137,17,1,1
BRDA:137,18,0,1
BRDA:137,18,1,1
BRDA:144,19,0,3
BRDA:144,19,1,0
BRDA:152,20,0,3
BRDA:152,20,1,0
BRDA:156,21,0,1
BRDA:156,21,1,2
BRDA:156,22,0,3
BRDA:156,22,1,2
BRDA:158,23,0,1
BRDA:158,23,1,1
BRDA:263,24,0,0
BRF:48
BRH:28
end_of_record
