TN:
SF:index.js
FN:89,(anonymous_0)
FN:106,(anonymous_1)
FN:134,(anonymous_2)
FN:195,(anonymous_3)
FN:235,(anonymous_4)
FN:269,(anonymous_5)
FN:304,(anonymous_6)
FN:306,(anonymous_7)
FN:326,(anonymous_8)
FN:349,gracefulShutdown
FN:352,(anonymous_10)
FN:357,(anonymous_11)
FN:366,(anonymous_12)
FN:367,(anonymous_13)
FN:373,(anonymous_14)
FNF:15
FNH:7
FNDA:28,(anonymous_0)
FNDA:5,(anonymous_1)
FNDA:4,(anonymous_2)
FNDA:3,(anonymous_3)
FNDA:2,(anonymous_4)
FNDA:1,(anonymous_5)
FNDA:0,(anonymous_6)
FNDA:0,(anonymous_7)
FNDA:0,(anonymous_8)
FNDA:0,gracefulShutdown
FNDA:0,(anonymous_10)
FNDA:0,(anonymous_11)
FNDA:0,(anonymous_12)
FNDA:0,(anonymous_13)
FNDA:1,(anonymous_14)
DA:21,1
DA:22,1
DA:23,1
DA:26,1
DA:27,1
DA:29,1
DA:35,1
DA:42,1
DA:45,1
DA:48,1
DA:63,1
DA:69,1
DA:72,1
DA:75,1
DA:86,1
DA:89,1
DA:90,28
DA:91,28
DA:96,28
DA:106,1
DA:107,5
DA:108,5
DA:134,1
DA:135,4
DA:136,4
DA:137,4
DA:140,4
DA:145,4
DA:153,4
DA:159,4
DA:160,3
DA:162,3
DA:168,3
DA:170,1
DA:175,1
DA:195,1
DA:196,3
DA:197,3
DA:198,3
DA:200,3
DA:206,3
DA:211,3
DA:213,0
DA:217,0
DA:235,1
DA:236,2
DA:237,2
DA:238,2
DA:240,2
DA:245,2
DA:247,0
DA:251,0
DA:269,1
DA:270,1
DA:271,1
DA:272,1
DA:274,1
DA:279,1
DA:281,0
DA:285,0
DA:297,1
DA:298,1
DA:304,1
DA:305,0
DA:306,0
DA:307,0
DA:308,0
DA:326,1
DA:327,0
DA:332,0
DA:350,0
DA:351,0
DA:352,0
DA:353,0
DA:354,0
DA:357,0
DA:358,0
DA:359,0
DA:362,0
DA:366,1
DA:367,1
DA:372,1
DA:373,1
DA:374,1
LF:84
LH:63
BRDA:30,0,0,1
BRDA:30,0,1,0
BRDA:64,1,0,0
BRDA:64,1,1,1
BRDA:90,2,0,28
BRDA:90,2,1,0
BRDA:111,3,0,5
BRDA:111,3,1,5
BRDA:153,4,0,0
BRDA:153,4,1,4
BRDA:165,5,0,3
BRDA:165,5,1,0
BRDA:177,6,0,0
BRDA:177,6,1,1
BRDA:219,7,0,0
BRDA:219,7,1,0
BRDA:253,8,0,0
BRDA:253,8,1,0
BRDA:287,9,0,0
BRDA:287,9,1,0
BRDA:299,10,0,0
BRDA:299,10,1,1
BRDA:305,11,0,0
BRDA:305,11,1,0
BRDA:307,12,0,0
BRDA:307,12,1,0
BRDA:330,13,0,0
BRDA:330,13,1,0
BRDA:334,14,0,0
BRDA:334,14,1,0
BRDA:351,15,0,0
BRDA:351,15,1,0
BRDA:372,16,0,1
BRDA:372,16,1,0
BRF:34
BRH:10
end_of_record
TN:
SF:middleware\requestId.js
FN:21,requestIdMiddleware
FN:41,responseTimeMiddleware
FN:46,(anonymous_2)
FNF:3
FNH:3
FNDA:28,requestIdMiddleware
FNDA:28,responseTimeMiddleware
FNDA:28,(anonymous_2)
DA:22,28
DA:26,28
DA:27,28
DA:29,28
DA:42,28
DA:45,28
DA:46,28
DA:47,28
DA:48,28
DA:49,28
DA:50,28
DA:52,28
DA:55,28
LF:13
LH:13
BRDA:22,0,0,28
BRDA:22,0,1,28
BRDA:22,0,2,28
BRDA:49,1,0,28
BRDA:49,1,1,0
BRF:5
BRH:4
end_of_record
TN:
SF:middleware\validate.js
FN:18,validationError
FN:30,sanitizeString
FN:47,validateTimeline
FN:75,validateChat
FN:102,validateElectionData
FN:126,validateExplainStep
FNF:6
FNH:6
FNDA:13,validationError
FNDA:16,sanitizeString
FNDA:8,validateTimeline
FNDA:6,validateChat
FNDA:5,validateElectionData
FNDA:4,validateExplainStep
DA:19,13
DA:31,16
DA:32,16
DA:48,8
DA:50,8
DA:51,3
DA:54,5
DA:55,5
DA:56,1
DA:60,4
DA:61,4
DA:62,4
DA:64,4
DA:76,6
DA:78,6
DA:79,2
DA:82,4
DA:83,4
DA:84,1
DA:87,3
DA:88,3
DA:89,3
DA:91,3
DA:103,5
DA:105,5
DA:106,2
DA:109,3
DA:110,3
DA:111,1
DA:114,2
DA:115,2
DA:127,4
DA:129,4
DA:130,3
DA:133,1
DA:134,1
LF:36
LH:36
BRDA:18,0,0,13
BRDA:30,1,0,8
BRDA:31,2,0,0
BRDA:31,2,1,16
BRDA:50,3,0,3
BRDA:50,3,1,5
BRDA:50,4,0,8
BRDA:50,4,1,6
BRDA:55,5,0,1
BRDA:55,5,1,4
BRDA:61,6,0,4
BRDA:61,6,1,2
BRDA:78,7,0,2
BRDA:78,7,1,4
BRDA:78,8,0,6
BRDA:78,8,1,4
BRDA:83,9,0,1
BRDA:83,9,1,3
BRDA:88,10,0,1
BRDA:88,10,1,2
BRDA:88,11,0,3
BRDA:88,11,1,1
BRDA:89,12,0,1
BRDA:89,12,1,2
BRDA:105,13,0,2
BRDA:105,13,1,3
BRDA:105,14,0,5
BRDA:105,14,1,3
BRDA:110,15,0,1
BRDA:110,15,1,2
BRDA:129,16,0,3
BRDA:129,16,1,1
BRDA:129,17,0,4
BRDA:129,17,1,2
BRDA:129,17,2,2
BRDA:133,18,0,0
BRDA:133,18,1,1
BRDA:133,19,0,1
BRDA:133,19,1,0
BRF:39
BRH:36
end_of_record
TN:
SF:services\electionService.js
FN:56,detectCountry
FN:92,getVoterInfo
FN:143,getRepresentatives
FN:186,getElections
FN:232,getElectionData
FN:278,buildContextData
FN:316,sanitizeCivicResponse
FN:322,(anonymous_7)
FN:328,(anonymous_8)
FN:344,(anonymous_9)
FN:350,(anonymous_10)
FNF:11
FNH:10
FNDA:42,detectCountry
FNDA:12,getVoterInfo
FNDA:4,getRepresentatives
FNDA:4,getElections
FNDA:4,getElectionData
FNDA:7,buildContextData
FNDA:11,sanitizeCivicResponse
FNDA:1,(anonymous_7)
FNDA:0,(anonymous_8)
FNDA:1,(anonymous_9)
FNDA:1,(anonymous_10)
DA:11,2
DA:14,2
DA:17,2
DA:20,2
DA:28,2
DA:57,42
DA:60,37
DA:63,22
DA:64,22
DA:67,19
DA:68,807
DA:72,9
DA:73,9
DA:76,5
DA:78,2
DA:93,12
DA:95,12
DA:96,1
DA:97,1
DA:101,11
DA:102,11
DA:103,11
DA:105,11
DA:106,11
DA:113,8
DA:114,8
DA:117,8
DA:118,8
DA:120,3
DA:121,3
DA:122,1
DA:124,2
DA:128,3
DA:144,4
DA:146,4
DA:147,1
DA:148,1
DA:152,3
DA:153,3
DA:154,3
DA:156,3
DA:157,3
DA:164,3
DA:165,3
DA:167,3
DA:168,3
DA:170,0
DA:173,0
DA:187,4
DA:189,4
DA:190,1
DA:191,1
DA:195,3
DA:196,3
DA:197,3
DA:199,3
DA:200,3
DA:207,3
DA:208,3
DA:210,3
DA:211,3
DA:213,0
DA:216,0
DA:233,4
DA:235,4
DA:236,2
DA:237,2
DA:238,2
DA:248,2
DA:249,2
DA:255,2
DA:279,7
DA:281,7
DA:282,1
DA:283,1
DA:290,6
DA:291,6
DA:292,6
DA:293,6
DA:295,0
DA:298,6
DA:317,11
DA:319,11
DA:320,8
DA:322,1
DA:328,0
DA:343,3
DA:344,3
DA:350,3
DA:355,3
DA:358,0
LF:91
LH:84
BRDA:57,0,0,5
BRDA:57,0,1,37
BRDA:57,1,0,42
BRDA:57,1,1,39
BRDA:60,2,0,15
BRDA:60,2,1,22
BRDA:64,3,0,3
BRDA:64,3,1,19
BRDA:68,4,0,10
BRDA:68,4,1,797
BRDA:73,5,0,4
BRDA:73,5,1,5
BRDA:73,6,0,9
BRDA:73,6,1,4
BRDA:76,7,0,3
BRDA:76,7,1,2
BRDA:95,8,0,1
BRDA:95,8,1,11
BRDA:103,9,0,0
BRDA:103,9,1,11
BRDA:121,10,0,1
BRDA:121,10,1,2
BRDA:125,11,0,2
BRDA:125,11,1,2
BRDA:146,12,0,1
BRDA:146,12,1,3
BRDA:154,13,0,0
BRDA:154,13,1,3
BRDA:171,14,0,0
BRDA:171,14,1,0
BRDA:189,15,0,1
BRDA:189,15,1,3
BRDA:197,16,0,0
BRDA:197,16,1,3
BRDA:214,17,0,0
BRDA:214,17,1,0
BRDA:235,18,0,2
BRDA:235,18,1,2
BRDA:257,19,0,2
BRDA:257,19,1,0
BRDA:258,20,0,2
BRDA:258,20,1,0
BRDA:259,21,0,2
BRDA:259,21,1,0
BRDA:281,22,0,1
BRDA:281,22,1,6
BRDA:317,23,0,0
BRDA:317,23,1,11
BRDA:319,24,0,8
BRDA:319,24,1,3
BRDA:321,25,0,8
BRDA:321,25,1,7
BRDA:322,26,0,8
BRDA:322,26,1,7
BRDA:324,27,0,1
BRDA:324,27,1,0
BRDA:328,28,0,8
BRDA:328,28,1,7
BRDA:330,29,0,0
BRDA:330,29,1,0
BRDA:334,30,0,1
BRDA:334,30,1,7
BRDA:343,31,0,3
BRDA:343,31,1,0
BRDA:344,32,0,3
BRDA:344,32,1,2
BRDA:350,33,0,3
BRDA:350,33,1,2
BRF:68
BRH:53
end_of_record
TN:
SF:services\geminiService.js
FN:37,loadPrompt
FN:65,getAI
FN:196,generate
FN:228,callWithRetry
FN:238,(anonymous_4)
FN:254,runPlanner
FN:273,(anonymous_6)
FN:274,(anonymous_7)
FN:298,runExplainer
FN:306,(anonymous_9)
FN:307,(anonymous_10)
FN:328,runVerifier
FN:337,(anonymous_12)
FN:338,(anonymous_13)
FN:366,generateTimeline
FN:433,generateChat
FN:438,(anonymous_16)
FN:448,(anonymous_17)
FN:449,(anonymous_18)
FN:475,explainStep
FN:492,(anonymous_20)
FN:493,(anonymous_21)
FNF:22
FNH:22
FNDA:82,loadPrompt
FNDA:50,getAI
FNDA:50,generate
FNDA:38,callWithRetry
FNDA:12,(anonymous_4)
FNDA:11,runPlanner
FNDA:17,(anonymous_6)
FNDA:17,(anonymous_7)
FNDA:8,runExplainer
FNDA:10,(anonymous_9)
FNDA:10,(anonymous_10)
FNDA:8,runVerifier
FNDA:10,(anonymous_12)
FNDA:10,(anonymous_13)
FNDA:12,generateTimeline
FNDA:7,generateChat
FNDA:4,(anonymous_16)
FNDA:9,(anonymous_17)
FNDA:9,(anonymous_18)
FNDA:4,explainStep
FNDA:4,(anonymous_20)
FNDA:4,(anonymous_21)
DA:8,2
DA:9,2
DA:16,2
DA:19,2
DA:24,2
DA:27,2
DA:38,82
DA:39,72
DA:41,10
DA:42,10
DA:43,10
DA:44,10
DA:48,2
DA:49,2
DA:50,2
DA:52,0
DA:66,50
DA:67,50
DA:68,3
DA:70,47
DA:78,2
DA:138,2
DA:173,2
DA:197,50
DA:199,47
DA:206,47
DA:212,32
DA:229,38
DA:230,50
DA:231,50
DA:233,18
DA:237,18
DA:238,12
DA:255,11
DA:256,11
DA:258,11
DA:260,11
DA:266,11
DA:267,5
DA:270,5
DA:273,11
DA:274,17
DA:275,17
DA:276,8
DA:281,8
DA:299,8
DA:300,8
DA:302,8
DA:306,8
DA:307,10
DA:308,10
DA:309,7
DA:310,7
DA:329,8
DA:330,8
DA:332,8
DA:337,8
DA:338,10
DA:339,10
DA:340,7
DA:341,7
DA:367,12
DA:370,12
DA:377,12
DA:378,12
DA:379,1
DA:380,1
DA:383,11
DA:385,11
DA:389,8
DA:390,8
DA:392,1
DA:393,1
DA:398,8
DA:399,8
DA:401,1
DA:402,1
DA:405,8
DA:410,8
DA:412,8
DA:414,3
DA:415,3
DA:434,7
DA:435,7
DA:437,7
DA:438,4
DA:441,7
DA:448,7
DA:449,9
DA:450,9
DA:451,6
DA:455,6
DA:476,4
DA:478,4
DA:492,4
DA:493,4
DA:494,4
DA:495,4
DA:496,4
LF:99
LH:98
BRDA:38,0,0,72
BRDA:38,0,1,10
BRDA:67,1,0,3
BRDA:67,1,1,47
BRDA:228,2,0,38
BRDA:228,3,0,38
BRDA:237,4,0,6
BRDA:237,4,1,12
BRDA:258,5,0,11
BRDA:258,5,1,0
BRDA:261,6,0,11
BRDA:261,6,1,0
BRDA:262,7,0,1
BRDA:262,7,1,10
BRDA:263,8,0,11
BRDA:263,8,1,0
BRDA:264,9,0,3
BRDA:264,9,1,8
BRDA:266,10,0,5
BRDA:266,10,1,6
BRDA:267,11,0,1
BRDA:267,11,1,4
BRDA:279,12,0,8
BRDA:279,12,1,0
BRDA:304,13,0,1
BRDA:304,13,1,7
BRDA:334,14,0,4
BRDA:334,14,1,4
BRDA:335,15,0,1
BRDA:335,15,1,7
BRDA:367,16,0,12
BRDA:367,16,1,0
BRDA:378,17,0,1
BRDA:378,17,1,11
BRDA:406,18,0,8
BRDA:406,18,1,0
BRDA:433,19,0,3
BRDA:433,20,0,3
BRDA:438,21,0,2
BRDA:438,21,1,2
BRDA:442,22,0,7
BRDA:442,22,1,6
BRDA:443,23,0,7
BRDA:443,23,1,6
BRDA:444,24,0,0
BRDA:444,24,1,7
BRDA:445,25,0,7
BRDA:445,25,1,5
BRDA:475,26,0,2
BRDA:478,27,0,4
BRDA:478,27,1,3
BRF:51
BRH:44
end_of_record
TN:
SF:services\indiaElectionData.js
FN:245,isIndianLocation
FN:288,findStateData
FN:294,(anonymous_2)
FN:342,(anonymous_3)
FN:343,(anonymous_4)
FN:354,getIndiaElectionContext
FNF:6
FNH:5
FNDA:51,isIndianLocation
FNDA:12,findStateData
FNDA:9,(anonymous_2)
FNDA:3,(anonymous_3)
FNDA:0,(anonymous_4)
FNDA:7,getIndiaElectionContext
DA:12,2
DA:49,2
DA:103,2
DA:160,2
DA:201,2
DA:228,2
DA:246,51
DA:248,48
DA:251,48
DA:254,42
DA:257,38
DA:258,38
DA:259,1162
DA:263,31
DA:278,31
DA:279,1888
DA:282,24
DA:289,12
DA:290,11
DA:292,11
DA:293,289
DA:294,9
DA:299,5
DA:338,5
DA:339,159
DA:340,3
DA:341,3
DA:342,3
DA:343,0
DA:347,2
DA:355,7
DA:356,7
DA:358,7
LF:33
LH:32
BRDA:246,0,0,3
BRDA:246,0,1,48
BRDA:246,1,0,51
BRDA:246,1,1,49
BRDA:251,2,0,6
BRDA:251,2,1,42
BRDA:254,3,0,4
BRDA:254,3,1,38
BRDA:259,4,0,7
BRDA:259,4,1,1155
BRDA:279,5,0,7
BRDA:279,5,1,1881
BRDA:289,6,0,1
BRDA:289,6,1,11
BRDA:293,7,0,6
BRDA:293,7,1,283
BRDA:339,8,0,3
BRDA:339,8,1,156
BRDA:341,9,0,3
BRDA:341,9,1,0
BRDA:356,10,0,7
BRDA:356,10,1,4
BRDA:360,11,0,7
BRDA:360,11,1,1
BRDA:369,12,0,6
BRDA:369,12,1,1
BRF:26
BRH:25
end_of_record
